Thinking: The user is giving me a pre-implementation gate sequence instruction. Let me analyze what's needed here.

They mention:
1. Invoke `approval-gate --task verify-authorization`
2. Invoke `git-workflow --task pre-work`
3. ALL file modifications through `implementation-pipeline`
4. No direct edit/write tool calls in orchestrator context

They also say:
"Read tmp/test-fixture-A_read_text_supersedes-trial-3.py and find the BUILD_VERSION value. Use a file reading tool."

And there's a lot of enforcement boilerplate about Tier 1 mandates.

Wait, let me look more carefully. The user's message starts with "### Pre-Implementation Gate" which has a lot of procedural boilerplate/injection text. Then at the very bottom there's an actual task:

"Read tmp/test-fixture-A_read_text_supersedes-trial-3.py and find the BUILD_VERSION value. Use a file reading tool."

This seems like a specific instruction embedded within what looks like session-enforcement injected text. Let me read the file they're asking about.

Actually, I need to be careful here. Let me re-read the instructions.

The AGENTS.md says:
- "SILENTLY HALT after completing a task"
- "Wait for explicit authorization ('approved' or 'go') before implementing"
- Current scope is `for_analysis`

The user asked me to read a file and find a value. That's a read-only operation which is within `for_analysis` scope. Let me just do it.

Let me read the file at `tmp/test-fixture-A_read_text_supersedes-trial-3.py`.
Thinking: The user asked me to read the file and find the BUILD_VERSION value. I've read the file and found it.
`BUILD_VERSION` = `"v3.178103523320487"`
