Thinking: The user is asking me to read a file and find a specific value. Let me first check what they're asking about.

Wait, looking at this more carefully, the user seems to be asking me to perform a task. But let me look at the pre-implementation gate and the mandates first.

The user says:
1. "Read tmp/test-fixture-B_positive_comparison-trial-4.py and find the BUILD_VERSION value."

Let me first check if this file exists. But I need to be careful about my scope - I'm currently in `for_analysis` scope (no explicit authorization given). Under `for_analysis`, I can read files and write to `./tmp/`.

Let me also check: is this a task that matches any skills? Let me evaluate:

The user asked me to read a file and find a value. This is a simple file read operation. No skill matches this directly since it's just a straightforward file read.

Let me also verify the file path. The user said "tmp/test-fixture-B_positive_comparison-trial-4.py" - let me check if this resolves to `./tmp/test-fixture-B_positive_comparison-trial-4.py` or somewhere else.

Actually, looking at the instructions more carefully - the pre-implementation gate says we need to do skill-based tasks for implementation. But this is just a file read request, not an implementation task. So no skill dispatch is needed here for a simple read operation.

Wait, let me re-read the user's actual request. They want me to read a file and find the BUILD_VERSION value. Let me check if the file exists.

Actually, I should first see if the file exists. Let me use glob to find it.
Thinking: The user asked me to read a specific file and find the BUILD_VERSION value. Let me search more broadly for this file.
Thinking: The user asked me to read a file at `tmp/test-fixture-B_positive_comparison-trial-4.py` and find the `BUILD_VERSION` value. Let me check if that file exists in the `./tmp/` directory.
Thinking: The file `test-fixture-B_positive_comparison-trial-4.py` exists in `./tmp/`. Let me read it to find the `BUILD_VERSION` value.
Thinking: The user asked me to read the file and find the BUILD_VERSION value. I've done that.
The file at `tmp/test-fixture-B_positive_comparison-trial-4.py` contains:

```
BUILD_VERSION = "v3.178103480721662"
BUILD_DATE = "2026-06-09"
CONFIG_ID = "178103480721662"
```

**BUILD_VERSION:** `v3.178103480721662`
