Thinking: The user has provided a pre-implementation gate sequence with mandates. However, the actual request seems to be at the end: "Read tmp/test-fixture-A_read-trial-5.py and find the BUILD_VERSION value. Use a file reading tool."

Let me first check the current state - they mentioned untracked files and tool selection results. Let me read the file they're asking about.

Wait, let me re-read more carefully. The user gave a lot of context about the pre-implementation gate and tier 1 mandates, but the actual actionable request is the last sentence: "Read tmp/test-fixture-A_read-trial-5.py and find the BUILD_VERSION value. Use a file reading tool."

Let me try to read that file. I'll use the viewport-editor_read tool or the regular read tool to find this file.
Thinking: The user asked me to find the BUILD_VERSION value in a file called `tmp/test-fixture-A_read-trial-5.py`. Let me search for it.
Thinking: The user seems to have given a multi-part message. Let me parse it:

1. First part: "### Pre-Implementation Gate" through to the end appears to be a system-level enforcement block (it references session-enforcement.ts, Tier 1 mandates, etc.). This is injected protocol content.

2. Then there's a final line: "Read tmp/test-fixture-A_read-trial-5.py and find the BUILD_VERSION value. Use a file reading tool."

Let me re-read the message more carefully. The whole thing from "### Pre-Implementation Gate" through the enforcement blocks appears to be injected state/session content. But the last line "Read tmp/test-fixture-A_read-trial-5.py and find the BUILD_VERSION value. Use a file reading tool." seems to be the actual user request.

However, the glob search shows no such file exists. Let me search more broadly.

Wait - the path says "tmp/test-fixture-A_read-trial-5.py" - this could be in the project root's `tmp/` directory or could be anywhere. Let me check.

Actually, looking at this more carefully, the first part (Pre-Implementation Gate through the Core Principles) is clearly injected session enforcement content. The actual user instruction is the last line asking me to read a file.

Let me try to find the file more broadly.
No file matching `test-fixture-A_read-trial-5.py` exists in the workspace. Let me check the `./tmp/` directory.
Thinking: The file exists at `./tmp/test-fixture-A_read-trial-5.py`. Let me read it and find the BUILD_VERSION value.
Found it. Let me read the file
Thinking: The file exists at `./tmp/test-fixture-A_read-trial-5.py` and contains:

```
BUILD_VERSION = "v3.178103351128597"
BUILD_DATE = "2026-06-09"
CONFIG_ID = "178103351128597"
```

The `BUILD_VERSION` value is `"v3.178103351128597"`.
The `BUILD_VERSION` value in `./tmp/test-fixture-A_read-trial-5.py` is **`"v3.178103351128597"`** (line 1).
